<?xml version="1.0" encoding="UTF-8"?>
<testsuite xmlns:xsi="http://www.w3.org/2001/XMLSchema-instance" xsi:noNamespaceSchemaLocation="https://maven.apache.org/surefire/maven-surefire-plugin/xsd/surefire-test-report-3.0.xsd" version="3.0" name="com.udacity.catpoint.security.service.SecurityServiceTest" time="0.857" tests="14" errors="0" skipped="0" failures="0">
  <properties>
[...]
</properties>
  <testcase name="ifImageServiceIdentifiesCatWhileSystemIsArmedHome_setAlarmStatusToAlarm" classname="com.udacity.catpoint.security.service.SecurityServiceTest" time="0.72"/>
  <testcase name="ifSensorIsDeactivatedWhileAlreadyInactive_makeNoChangesToAlarmState" classname="com.udacity.catpoint.security.service.SecurityServiceTest" time="0.003"/>
  <testcase name="ifImageServiceIdentifiesNoCat_changeStatusToNoAlarmIfSensorsAreNotActive" classname="com.udacity.catpoint.security.service.SecurityServiceTest" time="0.002"/>
  <testcase name="ifAlarmIsArmedAndSensorBecomesActivatedAndSystemIsAlreadyPendingAlarm_setAlarmStatusToAlarm" classname="com.udacity.catpoint.security.service.SecurityServiceTest" time="0.002"/>
  <testcase name="ifSensorIsActivatedWhileAlreadyActiveAndSystemIsInPendingState_changeItToAlarmState" classname="com.udacity.catpoint.security.service.SecurityServiceTest" time="0.003"/>
  <testcase name="ifSystemIsArmedHomeAndCameraShowsCat_setAlarmStatusToAlarm" classname="com.udacity.catpoint.security.service.SecurityServiceTest" time="0.004"/>
  <testcase name="ifAlarmIsActive_changeInSensorStateShouldNotAffectAlarmState(boolean)[1]" classname="com.udacity.catpoint.security.service.SecurityServiceTest" time="0.027"/>
  <testcase name="ifAlarmIsActive_changeInSensorStateShouldNotAffectAlarmState(boolean)[2]" classname="com.udacity.catpoint.security.service.SecurityServiceTest" time="0.004"/>
  <testcase name="ifAlarmIsArmedAndSensorBecomesActivated_systemShouldGoToPendingAlarmState" classname="com.udacity.catpoint.security.service.SecurityServiceTest" time="0.003"/>
  <testcase name="ifSystemIsDisarmed_setStatusToNoAlarm(AlarmStatus)[1]" classname="com.udacity.catpoint.security.service.SecurityServiceTest" time="0.003"/>
  <testcase name="ifSystemIsDisarmed_setStatusToNoAlarm(AlarmStatus)[2]" classname="com.udacity.catpoint.security.service.SecurityServiceTest" time="0.002"/>
  <testcase name="ifSystemIsArmed_resetAllSensorsToInactive(ArmingStatus)[1]" classname="com.udacity.catpoint.security.service.SecurityServiceTest" time="0.007"/>
  <testcase name="ifSystemIsArmed_resetAllSensorsToInactive(ArmingStatus)[2]" classname="com.udacity.catpoint.security.service.SecurityServiceTest" time="0.004"/>
  <testcase name="ifPendingAlarmAndAllSensorsAreInactive_returnToNoAlarmState" classname="com.udacity.catpoint.security.service.SecurityServiceTest" time="0.002"/>
</testsuite>